<?xml version="1.0" encoding="UTF-8"?>
<testsuite name="com.example.demo.JavaCloudcampApplicationTests" tests="1" skipped="0" failures="0" errors="0" timestamp="2024-08-09T03:20:24" hostname="LAPTOP-IBGCR8CD" time="0.805">
  <properties/>
  <testcase name="contextLoads()" classname="com.example.demo.JavaCloudcampApplicationTests" time="0.805"/>
  <system-out><![CDATA[22:20:22.398 [Test worker] INFO org.springframework.test.context.support.AnnotationConfigContextLoaderUtils -- Could not detect default configuration classes for test class [com.example.demo.JavaCloudcampApplicationTests]: JavaCloudcampApplicationTests does not declare any static, non-private, non-final, nested classes annotated with @Configuration.
22:20:22.600 [Test worker] INFO org.springframework.boot.test.context.SpringBootTestContextBootstrapper -- Found @SpringBootConfiguration com.example.demo.JavaCloudcampApplication for test class com.example.demo.JavaCloudcampApplicationTests

  .   ____          _            __ _ _
 /\\ / ___'_ __ _ _(_)_ __  __ _ \ \ \ \
( ( )\___ | '_ | '_| | '_ \/ _` | \ \ \ \
 \\/  ___)| |_)| | | | | || (_| |  ) ) ) )
  '  |____| .__|_| |_|_| |_\__, | / / / /
 =========|_|==============|___/=/_/_/_/

 :: Spring Boot ::                (v3.3.2)

2024-08-08T22:20:23.240-05:00  INFO 13800 --- [java-cloudcamp] [    Test worker] c.e.demo.JavaCloudcampApplicationTests   : Starting JavaCloudcampApplicationTests using Java 17.0.9 with PID 13800 (started by USER in C:\Users\USER\Documents\proyectos\cloudcamp\proyecto-final-cicd\demo)
2024-08-08T22:20:23.241-05:00  INFO 13800 --- [java-cloudcamp] [    Test worker] c.e.demo.JavaCloudcampApplicationTests   : No active profile set, falling back to 1 default profile: "default"
2024-08-08T22:20:24.558-05:00  INFO 13800 --- [java-cloudcamp] [    Test worker] c.e.demo.JavaCloudcampApplicationTests   : Started JavaCloudcampApplicationTests in 1.675 seconds (process running for 3.242)
]]></system-out>
  <system-err><![CDATA[]]></system-err>
</testsuite>
